Device: cuda
Classes: 555  train batches: 1495  test batches: 1540

=== Stage 1: train head (backbone frozen) ===
  [head e1] step    0/1495  loss 6.324
  [head e1] step   50/1495  loss 6.106
  [head e1] step  100/1495  loss 6.442
  [head e1] step  150/1495  loss 5.924
  [head e1] step  200/1495  loss 6.071
  [head e1] step  250/1495  loss 5.411
  [head e1] step  300/1495  loss 5.063
  [head e1] step  350/1495  loss 4.630
  [head e1] step  400/1495  loss 5.136
  [head e1] step  450/1495  loss 5.027
  [head e1] step  500/1495  loss 5.256
  [head e1] step  550/1495  loss 5.300
  [head e1] step  600/1495  loss 4.984
  [head e1] step  650/1495  loss 4.356
  [head e1] step  700/1495  loss 4.683
  [head e1] step  750/1495  loss 4.848
  [head e1] step  800/1495  loss 4.507
  [head e1] step  850/1495  loss 5.041
  [head e1] step  900/1495  loss 4.626
  [head e1] step  950/1495  loss 4.598
  [head e1] step 1000/1495  loss 4.594
  [head e1] step 1050/1495  loss 4.264
  [head e1] step 1100/1495  loss 4.584
  [head e1] step 1150/1495  loss 4.186
  [head e1] step 1200/1495  loss 4.375
  [head e1] step 1250/1495  loss 4.180
  [head e1] step 1300/1495  loss 4.601
  [head e1] step 1350/1495  loss 4.984
  [head e1] step 1400/1495  loss 3.705
  [head e1] step 1450/1495  loss 3.709
Device: cuda
Classes: 555  train batches: 1495  test batches: 1540

=== Stage 1: train head (backbone frozen) ===
  [head e1] step    0/1495  loss 6.326
  [head e1] step   50/1495  loss 6.484
  [head e1] step  100/1495  loss 6.207
  [head e1] step  150/1495  loss 5.983
  [head e1] step  200/1495  loss 5.902
  [head e1] step  250/1495  loss 5.654
  [head e1] step  300/1495  loss 5.467
  [head e1] step  350/1495  loss 5.119
  [head e1] step  400/1495  loss 4.851
  [head e1] step  450/1495  loss 5.664
  [head e1] step  500/1495  loss 5.503
  [head e1] step  550/1495  loss 4.947
  [head e1] step  600/1495  loss 4.510
  [head e1] step  650/1495  loss 5.485
  [head e1] step  700/1495  loss 4.482
  [head e1] step  750/1495  loss 4.916
  [head e1] step  800/1495  loss 4.445
  [head e1] step  850/1495  loss 4.069
  [head e1] step  900/1495  loss 4.109
  [head e1] step  950/1495  loss 4.583
  [head e1] step 1000/1495  loss 4.573
  [head e1] step 1050/1495  loss 4.067
  [head e1] step 1100/1495  loss 4.421
  [head e1] step 1150/1495  loss 4.052
  [head e1] step 1200/1495  loss 3.826
  [head e1] step 1250/1495  loss 4.047
  [head e1] step 1300/1495  loss 4.519
  [head e1] step 1350/1495  loss 3.913
  [head e1] step 1400/1495  loss 4.109
  [head e1] step 1450/1495  loss 3.984
[head] epoch 1/3  loss 4.811  top1 35.65%  top5 63.39%  (70s)
  -> saved new best (top1 35.65%) to checkpoints/nabirds_best.pth
  [head e2] step    0/1495  loss 3.292
  [head e2] step   50/1495  loss 3.526
  [head e2] step  100/1495  loss 3.050
  [head e2] step  150/1495  loss 3.416
  [head e2] step  200/1495  loss 3.728
  [head e2] step  250/1495  loss 3.122
  [head e2] step  300/1495  loss 4.082
  [head e2] step  350/1495  loss 3.544
  [head e2] step  400/1495  loss 3.384
  [head e2] step  450/1495  loss 3.403
  [head e2] step  500/1495  loss 3.419
  [head e2] step  550/1495  loss 3.612
  [head e2] step  600/1495  loss 3.831
  [head e2] step  650/1495  loss 3.408
  [head e2] step  700/1495  loss 3.204
  [head e2] step  750/1495  loss 3.731
  [head e2] step  800/1495  loss 3.194
  [head e2] step  850/1495  loss 4.000
  [head e2] step  900/1495  loss 3.641
  [head e2] step  950/1495  loss 3.679
  [head e2] step 1000/1495  loss 2.900
  [head e2] step 1050/1495  loss 3.362
  [head e2] step 1100/1495  loss 3.478
  [head e2] step 1150/1495  loss 2.952
  [head e2] step 1200/1495  loss 2.987
  [head e2] step 1250/1495  loss 3.303
  [head e2] step 1300/1495  loss 3.374
  [head e2] step 1350/1495  loss 4.157
  [head e2] step 1400/1495  loss 3.426
  [head e2] step 1450/1495  loss 3.521
[head] epoch 2/3  loss 3.466  top1 41.48%  top5 68.85%  (75s)
  -> saved new best (top1 41.48%) to checkpoints/nabirds_best.pth
  [head e3] step    0/1495  loss 2.763
  [head e3] step   50/1495  loss 2.724
  [head e3] step  100/1495  loss 3.295
  [head e3] step  150/1495  loss 2.710
  [head e3] step  200/1495  loss 3.234
  [head e3] step  250/1495  loss 2.906
  [head e3] step  300/1495  loss 2.855
  [head e3] step  350/1495  loss 3.053
  [head e3] step  400/1495  loss 3.146
  [head e3] step  450/1495  loss 2.499
  [head e3] step  500/1495  loss 3.283
  [head e3] step  550/1495  loss 3.393
  [head e3] step  600/1495  loss 3.619
  [head e3] step  650/1495  loss 3.535
  [head e3] step  700/1495  loss 3.185
  [head e3] step  750/1495  loss 2.710
  [head e3] step  800/1495  loss 2.843
  [head e3] step  850/1495  loss 2.982
  [head e3] step  900/1495  loss 2.876
  [head e3] step  950/1495  loss 3.948
  [head e3] step 1000/1495  loss 3.046
  [head e3] step 1050/1495  loss 3.891
  [head e3] step 1100/1495  loss 2.871
  [head e3] step 1150/1495  loss 2.600
  [head e3] step 1200/1495  loss 2.882
  [head e3] step 1250/1495  loss 3.078
  [head e3] step 1300/1495  loss 3.020
  [head e3] step 1350/1495  loss 3.437
  [head e3] step 1400/1495  loss 3.018
  [head e3] step 1450/1495  loss 3.366
[head] epoch 3/3  loss 3.092  top1 44.66%  top5 71.73%  (74s)
  -> saved new best (top1 44.66%) to checkpoints/nabirds_best.pth

=== Stage 2: fine-tune full network ===
  [finetune e1] step    0/1495  loss 3.652
  [finetune e1] step   50/1495  loss 2.842
  [finetune e1] step  100/1495  loss 2.319
  [finetune e1] step  150/1495  loss 2.707
  [finetune e1] step  200/1495  loss 2.448
  [finetune e1] step  250/1495  loss 2.417
  [finetune e1] step  300/1495  loss 2.227
  [finetune e1] step  350/1495  loss 2.344
  [finetune e1] step  400/1495  loss 2.576
  [finetune e1] step  450/1495  loss 2.724
  [finetune e1] step  500/1495  loss 2.569
  [finetune e1] step  550/1495  loss 2.753
  [finetune e1] step  600/1495  loss 2.584
  [finetune e1] step  650/1495  loss 2.648
  [finetune e1] step  700/1495  loss 2.268
  [finetune e1] step  750/1495  loss 2.191
  [finetune e1] step  800/1495  loss 2.517
  [finetune e1] step  850/1495  loss 2.391
  [finetune e1] step  900/1495  loss 2.818
  [finetune e1] step  950/1495  loss 2.203
  [finetune e1] step 1000/1495  loss 2.727
  [finetune e1] step 1050/1495  loss 2.470
  [finetune e1] step 1100/1495  loss 1.747
  [finetune e1] step 1150/1495  loss 2.213
  [finetune e1] step 1200/1495  loss 2.668
  [finetune e1] step 1250/1495  loss 2.682
  [finetune e1] step 1300/1495  loss 2.274
  [finetune e1] step 1350/1495  loss 2.461
  [finetune e1] step 1400/1495  loss 2.781
  [finetune e1] step 1450/1495  loss 2.202
[finetune] epoch 1/12  loss 2.458  top1 61.92%  top5 86.47%  (296s)
  -> saved new best (top1 61.92%) to checkpoints/nabirds_best.pth
  [finetune e2] step    0/1495  loss 1.756
  [finetune e2] step   50/1495  loss 2.297
  [finetune e2] step  100/1495  loss 2.410
  [finetune e2] step  150/1495  loss 1.893
  [finetune e2] step  200/1495  loss 2.552
  [finetune e2] step  250/1495  loss 2.273
  [finetune e2] step  300/1495  loss 2.325
  [finetune e2] step  350/1495  loss 1.876
  [finetune e2] step  400/1495  loss 2.517
  [finetune e2] step  450/1495  loss 2.302
  [finetune e2] step  500/1495  loss 1.775
  [finetune e2] step  550/1495  loss 2.378
  [finetune e2] step  600/1495  loss 2.075
  [finetune e2] step  650/1495  loss 2.165
  [finetune e2] step  700/1495  loss 2.252
  [finetune e2] step  750/1495  loss 2.027
  [finetune e2] step  800/1495  loss 2.207
  [finetune e2] step  850/1495  loss 2.332
  [finetune e2] step  900/1495  loss 2.063
  [finetune e2] step  950/1495  loss 2.134
  [finetune e2] step 1000/1495  loss 2.264
  [finetune e2] step 1050/1495  loss 2.471
  [finetune e2] step 1100/1495  loss 1.913
  [finetune e2] step 1150/1495  loss 1.719
  [finetune e2] step 1200/1495  loss 2.101
  [finetune e2] step 1250/1495  loss 2.113
  [finetune e2] step 1300/1495  loss 1.877
  [finetune e2] step 1350/1495  loss 1.694
  [finetune e2] step 1400/1495  loss 2.285
  [finetune e2] step 1450/1495  loss 1.855
[finetune] epoch 2/12  loss 2.096  top1 66.00%  top5 88.81%  (347s)
  -> saved new best (top1 66.00%) to checkpoints/nabirds_best.pth
  [finetune e3] step    0/1495  loss 1.552
  [finetune e3] step   50/1495  loss 1.850
  [finetune e3] step  100/1495  loss 2.141
  [finetune e3] step  150/1495  loss 2.013
  [finetune e3] step  200/1495  loss 1.706
  [finetune e3] step  250/1495  loss 2.023
  [finetune e3] step  300/1495  loss 1.630
  [finetune e3] step  350/1495  loss 2.050
  [finetune e3] step  400/1495  loss 1.827
  [finetune e3] step  450/1495  loss 1.969
  [finetune e3] step  500/1495  loss 1.772
  [finetune e3] step  550/1495  loss 1.711
  [finetune e3] step  600/1495  loss 1.596
  [finetune e3] step  650/1495  loss 2.047
  [finetune e3] step  700/1495  loss 1.617
  [finetune e3] step  750/1495  loss 1.575
  [finetune e3] step  800/1495  loss 1.917
  [finetune e3] step  850/1495  loss 1.922
  [finetune e3] step  900/1495  loss 1.918
  [finetune e3] step  950/1495  loss 1.718
  [finetune e3] step 1000/1495  loss 1.924
  [finetune e3] step 1050/1495  loss 1.893
  [finetune e3] step 1100/1495  loss 1.805
  [finetune e3] step 1150/1495  loss 1.887
  [finetune e3] step 1200/1495  loss 2.275
  [finetune e3] step 1250/1495  loss 2.317
  [finetune e3] step 1300/1495  loss 1.877
  [finetune e3] step 1350/1495  loss 1.621
  [finetune e3] step 1400/1495  loss 2.550
  [finetune e3] step 1450/1495  loss 1.968
[finetune] epoch 3/12  loss 1.925  top1 68.76%  top5 90.30%  (357s)
  -> saved new best (top1 68.76%) to checkpoints/nabirds_best.pth
  [finetune e4] step    0/1495  loss 1.635
  [finetune e4] step   50/1495  loss 1.634
  [finetune e4] step  100/1495  loss 1.601
  [finetune e4] step  150/1495  loss 1.774
  [finetune e4] step  200/1495  loss 1.778
  [finetune e4] step  250/1495  loss 1.808
  [finetune e4] step  300/1495  loss 2.095
  [finetune e4] step  350/1495  loss 1.864
  [finetune e4] step  400/1495  loss 2.163
  [finetune e4] step  450/1495  loss 1.860
  [finetune e4] step  500/1495  loss 1.829
  [finetune e4] step  550/1495  loss 1.616
  [finetune e4] step  600/1495  loss 1.689
  [finetune e4] step  650/1495  loss 2.121
  [finetune e4] step  700/1495  loss 1.822
  [finetune e4] step  750/1495  loss 2.290
  [finetune e4] step  800/1495  loss 2.326
  [finetune e4] step  850/1495  loss 1.531
  [finetune e4] step  900/1495  loss 1.945
  [finetune e4] step  950/1495  loss 1.728
  [finetune e4] step 1000/1495  loss 1.995
  [finetune e4] step 1050/1495  loss 1.779
  [finetune e4] step 1100/1495  loss 1.970
  [finetune e4] step 1150/1495  loss 1.819
  [finetune e4] step 1200/1495  loss 1.788
  [finetune e4] step 1250/1495  loss 1.735
  [finetune e4] step 1300/1495  loss 1.866
  [finetune e4] step 1350/1495  loss 1.814
  [finetune e4] step 1400/1495  loss 1.498
  [finetune e4] step 1450/1495  loss 1.860
[finetune] epoch 4/12  loss 1.805  top1 70.00%  top5 91.22%  (329s)
  -> saved new best (top1 70.00%) to checkpoints/nabirds_best.pth
  [finetune e5] step    0/1495  loss 1.973
  [finetune e5] step   50/1495  loss 1.711
  [finetune e5] step  100/1495  loss 1.498
  [finetune e5] step  150/1495  loss 1.787
  [finetune e5] step  200/1495  loss 1.662
  [finetune e5] step  250/1495  loss 1.562
  [finetune e5] step  300/1495  loss 1.585
  [finetune e5] step  350/1495  loss 1.727
  [finetune e5] step  400/1495  loss 1.727
  [finetune e5] step  450/1495  loss 1.962
  [finetune e5] step  500/1495  loss 1.571
  [finetune e5] step  550/1495  loss 1.578
  [finetune e5] step  600/1495  loss 1.772
  [finetune e5] step  650/1495  loss 1.535
  [finetune e5] step  700/1495  loss 1.409
  [finetune e5] step  750/1495  loss 1.650
  [finetune e5] step  800/1495  loss 2.077
  [finetune e5] step  850/1495  loss 1.733
  [finetune e5] step  900/1495  loss 1.851
  [finetune e5] step  950/1495  loss 1.593
  [finetune e5] step 1000/1495  loss 2.196
  [finetune e5] step 1050/1495  loss 1.899
  [finetune e5] step 1100/1495  loss 1.958
  [finetune e5] step 1150/1495  loss 1.674
  [finetune e5] step 1200/1495  loss 1.623
  [finetune e5] step 1250/1495  loss 1.690
  [finetune e5] step 1300/1495  loss 1.988
  [finetune e5] step 1350/1495  loss 1.632
  [finetune e5] step 1400/1495  loss 1.526
  [finetune e5] step 1450/1495  loss 2.003
[finetune] epoch 5/12  loss 1.710  top1 71.20%  top5 91.81%  (339s)
  -> saved new best (top1 71.20%) to checkpoints/nabirds_best.pth
  [finetune e6] step    0/1495  loss 1.876
  [finetune e6] step   50/1495  loss 1.727
  [finetune e6] step  100/1495  loss 1.794
  [finetune e6] step  150/1495  loss 1.657
  [finetune e6] step  200/1495  loss 1.576
  [finetune e6] step  250/1495  loss 1.811
  [finetune e6] step  300/1495  loss 1.563
  [finetune e6] step  350/1495  loss 1.683
  [finetune e6] step  400/1495  loss 1.545
  [finetune e6] step  450/1495  loss 1.642
  [finetune e6] step  500/1495  loss 1.565
  [finetune e6] step  550/1495  loss 1.739
  [finetune e6] step  600/1495  loss 1.745
  [finetune e6] step  650/1495  loss 1.692
  [finetune e6] step  700/1495  loss 1.671
  [finetune e6] step  750/1495  loss 1.663
  [finetune e6] step  800/1495  loss 1.708
  [finetune e6] step  850/1495  loss 2.281
  [finetune e6] step  900/1495  loss 1.776
  [finetune e6] step  950/1495  loss 1.943
  [finetune e6] step 1000/1495  loss 1.713
  [finetune e6] step 1050/1495  loss 1.946
  [finetune e6] step 1100/1495  loss 1.582
  [finetune e6] step 1150/1495  loss 1.621
  [finetune e6] step 1200/1495  loss 1.605
  [finetune e6] step 1250/1495  loss 1.471
  [finetune e6] step 1300/1495  loss 1.492
  [finetune e6] step 1350/1495  loss 1.661
  [finetune e6] step 1400/1495  loss 1.794
  [finetune e6] step 1450/1495  loss 1.574
[finetune] epoch 6/12  loss 1.643  top1 72.26%  top5 92.15%  (336s)
  -> saved new best (top1 72.26%) to checkpoints/nabirds_best.pth
  [finetune e7] step    0/1495  loss 1.466
  [finetune e7] step   50/1495  loss 1.810
  [finetune e7] step  100/1495  loss 1.367
  [finetune e7] step  150/1495  loss 1.430
  [finetune e7] step  200/1495  loss 1.623
  [finetune e7] step  250/1495  loss 1.561
  [finetune e7] step  300/1495  loss 1.432
  [finetune e7] step  350/1495  loss 1.677
  [finetune e7] step  400/1495  loss 1.362
  [finetune e7] step  450/1495  loss 1.831
  [finetune e7] step  500/1495  loss 1.535
  [finetune e7] step  550/1495  loss 1.619
  [finetune e7] step  600/1495  loss 1.570
  [finetune e7] step  650/1495  loss 1.439
  [finetune e7] step  700/1495  loss 1.666
  [finetune e7] step  750/1495  loss 1.882
  [finetune e7] step  800/1495  loss 1.439
  [finetune e7] step  850/1495  loss 1.483
  [finetune e7] step  900/1495  loss 1.482
  [finetune e7] step  950/1495  loss 1.594
  [finetune e7] step 1000/1495  loss 1.410
  [finetune e7] step 1050/1495  loss 1.411
  [finetune e7] step 1100/1495  loss 1.539
  [finetune e7] step 1150/1495  loss 1.707
  [finetune e7] step 1200/1495  loss 1.555
  [finetune e7] step 1250/1495  loss 1.842
  [finetune e7] step 1300/1495  loss 1.515
  [finetune e7] step 1350/1495  loss 1.617
  [finetune e7] step 1400/1495  loss 1.638
  [finetune e7] step 1450/1495  loss 1.924
[finetune] epoch 7/12  loss 1.583  top1 72.64%  top5 92.21%  (379s)
  -> saved new best (top1 72.64%) to checkpoints/nabirds_best.pth
  [finetune e8] step    0/1495  loss 1.335
  [finetune e8] step   50/1495  loss 1.458
  [finetune e8] step  100/1495  loss 1.541
  [finetune e8] step  150/1495  loss 1.377
  [finetune e8] step  200/1495  loss 1.674
  [finetune e8] step  250/1495  loss 1.412
  [finetune e8] step  300/1495  loss 1.481
  [finetune e8] step  350/1495  loss 1.423
  [finetune e8] step  400/1495  loss 1.635
  [finetune e8] step  450/1495  loss 1.510
  [finetune e8] step  500/1495  loss 1.486
  [finetune e8] step  550/1495  loss 1.775
  [finetune e8] step  600/1495  loss 1.467
  [finetune e8] step  650/1495  loss 1.561
  [finetune e8] step  700/1495  loss 1.615
  [finetune e8] step  750/1495  loss 1.407
  [finetune e8] step  800/1495  loss 1.443
  [finetune e8] step  850/1495  loss 1.431
  [finetune e8] step  900/1495  loss 1.355
  [finetune e8] step  950/1495  loss 1.613
  [finetune e8] step 1000/1495  loss 1.420
  [finetune e8] step 1050/1495  loss 1.746
  [finetune e8] step 1100/1495  loss 1.635
  [finetune e8] step 1150/1495  loss 1.566
  [finetune e8] step 1200/1495  loss 1.569
  [finetune e8] step 1250/1495  loss 1.457
  [finetune e8] step 1300/1495  loss 1.368
  [finetune e8] step 1350/1495  loss 1.420
  [finetune e8] step 1400/1495  loss 1.244
  [finetune e8] step 1450/1495  loss 1.463
[finetune] epoch 8/12  loss 1.542  top1 72.66%  top5 92.17%  (380s)
  -> saved new best (top1 72.66%) to checkpoints/nabirds_best.pth
  [finetune e9] step    0/1495  loss 1.342
  [finetune e9] step   50/1495  loss 1.410
  [finetune e9] step  100/1495  loss 1.378
  [finetune e9] step  150/1495  loss 1.371
  [finetune e9] step  200/1495  loss 1.382
  [finetune e9] step  250/1495  loss 1.464
  [finetune e9] step  300/1495  loss 1.529
  [finetune e9] step  350/1495  loss 1.417
  [finetune e9] step  400/1495  loss 1.634
  [finetune e9] step  450/1495  loss 1.495
  [finetune e9] step  500/1495  loss 1.575
  [finetune e9] step  550/1495  loss 1.484
  [finetune e9] step  600/1495  loss 1.886
  [finetune e9] step  650/1495  loss 1.387
  [finetune e9] step  700/1495  loss 1.424
  [finetune e9] step  750/1495  loss 1.658
  [finetune e9] step  800/1495  loss 1.977
  [finetune e9] step  850/1495  loss 1.732
  [finetune e9] step  900/1495  loss 1.524
  [finetune e9] step  950/1495  loss 1.295
  [finetune e9] step 1000/1495  loss 1.570
  [finetune e9] step 1050/1495  loss 1.471
  [finetune e9] step 1100/1495  loss 1.453
  [finetune e9] step 1150/1495  loss 1.643
  [finetune e9] step 1200/1495  loss 1.325
  [finetune e9] step 1250/1495  loss 1.516
  [finetune e9] step 1300/1495  loss 1.793
  [finetune e9] step 1350/1495  loss 1.340
  [finetune e9] step 1400/1495  loss 1.466
  [finetune e9] step 1450/1495  loss 1.311
[finetune] epoch 9/12  loss 1.510  top1 73.13%  top5 92.38%  (376s)
  -> saved new best (top1 73.13%) to checkpoints/nabirds_best.pth
  [finetune e10] step    0/1495  loss 1.605
  [finetune e10] step   50/1495  loss 1.498
  [finetune e10] step  100/1495  loss 1.583
  [finetune e10] step  150/1495  loss 1.462
  [finetune e10] step  200/1495  loss 1.701
  [finetune e10] step  250/1495  loss 1.594
  [finetune e10] step  300/1495  loss 1.583
  [finetune e10] step  350/1495  loss 1.463
  [finetune e10] step  400/1495  loss 1.614
  [finetune e10] step  450/1495  loss 1.445
  [finetune e10] step  500/1495  loss 1.365
  [finetune e10] step  550/1495  loss 1.453
  [finetune e10] step  600/1495  loss 1.379
  [finetune e10] step  650/1495  loss 1.309
  [finetune e10] step  700/1495  loss 1.666
  [finetune e10] step  750/1495  loss 1.596
  [finetune e10] step  800/1495  loss 1.786
  [finetune e10] step  850/1495  loss 1.442
  [finetune e10] step  900/1495  loss 1.569
  [finetune e10] step  950/1495  loss 1.395
  [finetune e10] step 1000/1495  loss 1.451
  [finetune e10] step 1050/1495  loss 1.319
  [finetune e10] step 1100/1495  loss 1.461
  [finetune e10] step 1150/1495  loss 1.267
  [finetune e10] step 1200/1495  loss 1.514
  [finetune e10] step 1250/1495  loss 1.609
  [finetune e10] step 1300/1495  loss 1.530
  [finetune e10] step 1350/1495  loss 1.422
  [finetune e10] step 1400/1495  loss 1.484
  [finetune e10] step 1450/1495  loss 1.358
[finetune] epoch 10/12  loss 1.491  top1 73.11%  top5 92.45%  (376s)
  [finetune e11] step    0/1495  loss 1.290
  [finetune e11] step   50/1495  loss 1.368
  [finetune e11] step  100/1495  loss 1.429
  [finetune e11] step  150/1495  loss 1.346
  [finetune e11] step  200/1495  loss 1.409
  [finetune e11] step  250/1495  loss 1.675
  [finetune e11] step  300/1495  loss 1.382
  [finetune e11] step  350/1495  loss 1.510
  [finetune e11] step  400/1495  loss 1.581
  [finetune e11] step  450/1495  loss 1.339
  [finetune e11] step  500/1495  loss 1.337
  [finetune e11] step  550/1495  loss 1.440
  [finetune e11] step  600/1495  loss 1.749
  [finetune e11] step  650/1495  loss 1.744
  [finetune e11] step  700/1495  loss 1.657
  [finetune e11] step  750/1495  loss 1.550
  [finetune e11] step  800/1495  loss 1.611
  [finetune e11] step  850/1495  loss 1.753
  [finetune e11] step  900/1495  loss 1.279
  [finetune e11] step  950/1495  loss 1.868
  [finetune e11] step 1000/1495  loss 1.299
  [finetune e11] step 1050/1495  loss 1.454
  [finetune e11] step 1100/1495  loss 1.482
  [finetune e11] step 1150/1495  loss 1.382
  [finetune e11] step 1200/1495  loss 1.406
  [finetune e11] step 1250/1495  loss 1.481
  [finetune e11] step 1300/1495  loss 1.484
  [finetune e11] step 1350/1495  loss 1.334
  [finetune e11] step 1400/1495  loss 1.423
  [finetune e11] step 1450/1495  loss 1.326
[finetune] epoch 11/12  loss 1.477  top1 73.25%  top5 92.53%  (378s)
  -> saved new best (top1 73.25%) to checkpoints/nabirds_best.pth
  [finetune e12] step    0/1495  loss 1.577
  [finetune e12] step   50/1495  loss 1.374
  [finetune e12] step  100/1495  loss 1.354
  [finetune e12] step  150/1495  loss 1.491
  [finetune e12] step  200/1495  loss 1.501
  [finetune e12] step  250/1495  loss 1.636
  [finetune e12] step  300/1495  loss 1.375
  [finetune e12] step  350/1495  loss 1.302
  [finetune e12] step  400/1495  loss 1.662
  [finetune e12] step  450/1495  loss 1.642
  [finetune e12] step  500/1495  loss 1.381
  [finetune e12] step  550/1495  loss 1.690
  [finetune e12] step  600/1495  loss 1.434
  [finetune e12] step  650/1495  loss 1.275
  [finetune e12] step  700/1495  loss 1.442
  [finetune e12] step  750/1495  loss 1.473
  [finetune e12] step  800/1495  loss 1.632
  [finetune e12] step  850/1495  loss 1.625
  [finetune e12] step  900/1495  loss 1.397
  [finetune e12] step  950/1495  loss 1.403
  [finetune e12] step 1000/1495  loss 1.305
  [finetune e12] step 1050/1495  loss 1.632
  [finetune e12] step 1100/1495  loss 1.335
  [finetune e12] step 1150/1495  loss 1.650
  [finetune e12] step 1200/1495  loss 1.660
  [finetune e12] step 1250/1495  loss 1.284
  [finetune e12] step 1300/1495  loss 1.504
  [finetune e12] step 1350/1495  loss 1.599
  [finetune e12] step 1400/1495  loss 1.392
  [finetune e12] step 1450/1495  loss 1.775
[finetune] epoch 12/12  loss 1.466  top1 73.40%  top5 92.49%  (376s)
  -> saved new best (top1 73.40%) to checkpoints/nabirds_best.pth

Best top1 73.40%  top5 92.49%
